#
# A fatal error has been detected by the Java Runtime Environment:
#
#  Internal Error (javaCalls.cpp:53), pid=8720, tid=0x0000000000002340
#  guarantee(!thread->is_Compiler_thread()) failed: cannot make java calls from the compiler
#
# JRE version: Java(TM) SE Runtime Environment (8.0_151-b12) (build 1.8.0_151-b12)
# Java VM: Java HotSpot(TM) 64-Bit Server VM (25.151-b12 mixed mode windows-amd64 compressed oops)
# Failed to write core dump. Minidumps are not enabled by default on client versions of Windows
#
# If you would like to submit a bug report, please visit:
#   http://bugreport.java.com/bugreport/crash.jsp
#

---------------  T H R E A D  ---------------

Current thread (0x000000001fb37800):  JavaThread "C1 CompilerThread2" daemon [_thread_in_vm, id=9024, stack(0x0000000021b90000,0x0000000021c90000)]

Stack: [0x0000000021b90000,0x0000000021c90000]
[error occurred during error reporting (printing stack bounds), id 0xc0000005]

Native frames: (J=compiled Java code, j=interpreted, Vv=VM code, C=native code)


Current CompileTask:
C1:  15313 1412       3       org.apache.xmlbeans.impl.store.Cur::getParent (6 bytes)


---------------  P R O C E S S  ---------------

Java Threads: ( => current thread )
  0x0000000021578800 JavaThread "TimerQueue" daemon [_thread_blocked, id=9108, stack(0x0000000024470000,0x0000000024570000)]
  0x00000000021b8000 JavaThread "DestroyJavaVM" [_thread_blocked, id=8860, stack(0x0000000002630000,0x0000000002730000)]
  0x000000002121c000 JavaThread "AWT-EventQueue-0" [_thread_blocked, id=9032, stack(0x00000000225f0000,0x00000000226f0000)]
  0x000000002111b000 JavaThread "AWT-Windows" daemon [_thread_in_native, id=9028, stack(0x00000000222b0000,0x00000000223b0000)]
  0x000000002111a800 JavaThread "AWT-Shutdown" [_thread_blocked, id=9040, stack(0x00000000221b0000,0x00000000222b0000)]
  0x0000000021119800 JavaThread "Java2D Disposer" daemon [_thread_blocked, id=9064, stack(0x00000000220a0000,0x00000000221a0000)]
  0x000000001fb38800 JavaThread "Service Thread" daemon [_thread_blocked, id=9016, stack(0x0000000021d20000,0x0000000021e20000)]
=>0x000000001fb37800 JavaThread "C1 CompilerThread2" daemon [_thread_in_vm, id=9024, stack(0x0000000021b90000,0x0000000021c90000)]
  0x000000001fb32800 JavaThread "C2 CompilerThread1" daemon [_thread_in_native, id=9076, stack(0x0000000021920000,0x0000000021a20000)]
  0x000000001fb32000 JavaThread "C2 CompilerThread0" daemon [_thread_in_native, id=8992, stack(0x0000000020e30000,0x0000000020f30000)]
  0x000000001fb30800 JavaThread "*** Profiler Agent Special Execution Thread 10" daemon [_thread_blocked, id=9004, stack(0x0000000020fd0000,0x00000000210d0000)]
  0x000000001fa0f000 JavaThread "*** Profiler Agent Special Execution Thread 6" daemon [_thread_blocked, id=8940, stack(0x00000000202e0000,0x00000000203e0000)]
  0x000000001fa0e000 JavaThread "*** JFluid Monitor thread ***" daemon [_thread_blocked, id=8952, stack(0x00000000204f0000,0x00000000205f0000)]
  0x000000001f93f800 JavaThread "*** Profiler Agent Communication Thread" daemon [_thread_in_native, id=8948, stack(0x000000001fdd0000,0x000000001fed0000)]
  0x000000001f874800 JavaThread "Attach Listener" daemon [_thread_blocked, id=8968, stack(0x000000001ff20000,0x0000000020020000)]
  0x000000001e5d6000 JavaThread "Signal Dispatcher" daemon [_thread_blocked, id=8848, stack(0x000000001fcd0000,0x000000001fdd0000)]
  0x000000001e5bd800 JavaThread "Finalizer" daemon [_thread_blocked, id=8972, stack(0x000000001f550000,0x000000001f650000)]
  0x000000001e57a000 JavaThread "Reference Handler" daemon [_thread_blocked, id=8900, stack(0x000000001f770000,0x000000001f870000)]

Other Threads:
  0x000000001e56b800 VMThread [stack: 0x000000001f660000,0x000000001f760000] [id=8892]
  0x000000002130f000 WatcherThread [stack: 0x0000000021ed0000,0x0000000021fd0000] [id=9068]

VM state:not at safepoint (normal execution)

VM Mutex/Monitor currently owned by a thread:  ([mutex/lock_event])
[0x00000000022dda00] MethodData_lock - owner thread: 0x000000001fb37800

Heap:
 PSYoungGen      total 95744K, used 3744K [0x0000000755f00000, 0x000000075c980000, 0x00000007c0000000)
  eden space 82432K, 4% used [0x0000000755f00000,0x00000007562a83c8,0x000000075af80000)
  from space 13312K, 0% used [0x000000075af80000,0x000000075af80000,0x000000075bc80000)
  to   space 13312K, 0% used [0x000000075bc80000,0x000000075bc80000,0x000000075c980000)
 ParOldGen       total 94720K, used 11872K [0x0000000681c00000, 0x0000000687880000, 0x0000000755f00000)
  object space 94720K, 12% used [0x0000000681c00000,0x0000000682798368,0x0000000687880000)
 Metaspace       used 21180K, capacity 21392K, committed 21680K, reserved 1069056K
  class space    used 2538K, capacity 2616K, committed 2736K, reserved 1048576K

Card table byte_map: [0x0000000011dc0000,0x00000000127c0000] byte_map_base: 0x000000000e9b2000

Marking Bits: (ParMarkBitMap*) 0x000000005decd850
 Begin Bits: [0x00000000132c0000, 0x0000000018250000)
 End Bits:   [0x0000000018250000, 0x000000001d1e0000)

Polling page: 0x0000000000250000

CodeCache: size=245760Kb used=5005Kb max_used=5019Kb free=240754Kb
 bounds [0x0000000002a00000, 0x0000000002ef0000, 0x0000000011a00000]
 total_blobs=1952 nmethods=1388 adapters=477
 compilation: enabled

Compilation events (10 events):
Event: 15.236 Thread 0x000000001fb37800 nmethod 1430 0x0000000002ecaf90 code [0x0000000002ecb0e0, 0x0000000002ecb250]
Event: 15.236 Thread 0x000000001fb37800 1431       3       com.sun.org.apache.xerces.internal.dom.DeferredDocumentImpl::getRealPrevSibling (7 bytes)
Event: 15.236 Thread 0x000000001fb37800 nmethod 1431 0x0000000002ee2a10 code [0x0000000002ee2b80, 0x0000000002ee2d08]
Event: 15.236 Thread 0x000000001fb37800 1417       3       java.util.TreeMap$ValueIterator::next (8 bytes)
Event: 15.236 Thread 0x000000001fb37800 nmethod 1417 0x0000000002ee2d90 code [0x0000000002ee2f00, 0x0000000002ee3108]
Event: 15.236 Thread 0x000000001fb37800 1426       1       org.apache.xmlbeans.impl.schema.SchemaParticleImpl::getParticleType (5 bytes)
Event: 15.236 Thread 0x000000001fb37800 nmethod 1426 0x0000000002ecacd0 code [0x0000000002ecae20, 0x0000000002ecaf30]
Event: 15.236 Thread 0x000000001fb37800 1412       3       org.apache.xmlbeans.impl.store.Cur::getParent (6 bytes)
Event: 15.292 Thread 0x000000001fb32000 nmethod 1415 0x0000000002ee7b90 code [0x0000000002ee7de0, 0x0000000002ee9b28]
Event: 15.292 Thread 0x000000001fb32000 1432       4       org.apache.xmlbeans.QNameCache::getName (131 bytes)

GC Heap History (4 events):
Event: 15.237 GC heap before
{Heap before GC invocations=1 (full 0):
 PSYoungGen      total 95744K, used 56734K [0x0000000755f00000, 0x000000075c980000, 0x00000007c0000000)
  eden space 82432K, 68% used [0x0000000755f00000,0x0000000759667a70,0x000000075af80000)
  from space 13312K, 0% used [0x000000075bc80000,0x000000075bc80000,0x000000075c980000)
  to   space 13312K, 0% used [0x000000075af80000,0x000000075af80000,0x000000075bc80000)
 ParOldGen       total 218624K, used 0K [0x0000000681c00000, 0x000000068f180000, 0x0000000755f00000)
  object space 218624K, 0% used [0x0000000681c00000,0x0000000681c00000,0x000000068f180000)
 Metaspace       used 21024K, capacity 21226K, committed 21296K, reserved 1069056K
  class space    used 2512K, capacity 2583K, committed 2608K, reserved 1048576K
Event: 15.247 GC heap after
Heap after GC invocations=1 (full 0):
 PSYoungGen      total 95744K, used 12117K [0x0000000755f00000, 0x000000075c980000, 0x00000007c0000000)
  eden space 82432K, 0% used [0x0000000755f00000,0x0000000755f00000,0x000000075af80000)
  from space 13312K, 91% used [0x000000075af80000,0x000000075bb557c8,0x000000075bc80000)
  to   space 13312K, 0% used [0x000000075bc80000,0x000000075bc80000,0x000000075c980000)
 ParOldGen       total 218624K, used 72K [0x0000000681c00000, 0x000000068f180000, 0x0000000755f00000)
  object space 218624K, 0% used [0x0000000681c00000,0x0000000681c12010,0x000000068f180000)
 Metaspace       used 21024K, capacity 21226K, committed 21296K, reserved 1069056K
  class space    used 2512K, capacity 2583K, committed 2608K, reserved 1048576K
}
Event: 15.247 GC heap before
{Heap before GC invocations=2 (full 1):
 PSYoungGen      total 95744K, used 12117K [0x0000000755f00000, 0x000000075c980000, 0x00000007c0000000)
  eden space 82432K, 0% used [0x0000000755f00000,0x0000000755f00000,0x000000075af80000)
  from space 13312K, 91% used [0x000000075af80000,0x000000075bb557c8,0x000000075bc80000)
  to   space 13312K, 0% used [0x000000075bc80000,0x000000075bc80000,0x000000075c980000)
 ParOldGen       total 218624K, used 72K [0x0000000681c00000, 0x000000068f180000, 0x0000000755f00000)
  object space 218624K, 0% used [0x0000000681c00000,0x0000000681c12010,0x000000068f180000)
 Metaspace       used 21024K, capacity 21226K, committed 21296K, reserved 1069056K
  class space    used 2512K, capacity 2583K, committed 2608K, reserved 1048576K
Event: 15.292 GC heap after
Heap after GC invocations=2 (full 1):
 PSYoungGen      total 95744K, used 0K [0x0000000755f00000, 0x000000075c980000, 0x00000007c0000000)
  eden space 82432K, 0% used [0x0000000755f00000,0x0000000755f00000,0x000000075af80000)
  from space 13312K, 0% used [0x000000075af80000,0x000000075af80000,0x000000075bc80000)
  to   space 13312K, 0% used [0x000000075bc80000,0x000000075bc80000,0x000000075c980000)
 ParOldGen       total 94720K, used 11872K [0x0000000681c00000, 0x0000000687880000, 0x0000000755f00000)
  object space 94720K, 12% used [0x0000000681c00000,0x0000000682798368,0x0000000687880000)
 Metaspace       used 21024K, capacity 21226K, committed 21296K, reserved 1069056K
  class space    used 2512K, capacity 2583K, committed 2608K, reserved 1048576K
}

Deoptimization events (10 events):
Event: 15.088 Thread 0x000000002121c000 Uncommon trap: reason=class_check action=maybe_recompile pc=0x0000000002d2c8c4 method=java.io.FilterInputStream.read()I @ 4
Event: 15.088 Thread 0x000000002121c000 Uncommon trap: reason=class_check action=maybe_recompile pc=0x0000000002d2c8c4 method=java.io.FilterInputStream.read()I @ 4
Event: 15.088 Thread 0x000000002121c000 Uncommon trap: reason=class_check action=maybe_recompile pc=0x0000000002d2c8c4 method=java.io.FilterInputStream.read()I @ 4
Event: 15.088 Thread 0x000000002121c000 Uncommon trap: reason=class_check action=maybe_recompile pc=0x0000000002d2c8c4 method=java.io.FilterInputStream.read()I @ 4
Event: 15.089 Thread 0x000000002121c000 Uncommon trap: reason=unstable_if action=reinterpret pc=0x0000000002e5c16c method=com.sun.org.apache.xerces.internal.impl.XMLEntityScanner.skipSpaces()Z @ 343
Event: 15.089 Thread 0x000000002121c000 Uncommon trap: reason=unstable_if action=reinterpret pc=0x0000000002e43138 method=com.sun.org.apache.xerces.internal.impl.XMLEntityScanner.peekChar()I @ 51
Event: 15.091 Thread 0x000000002121c000 Uncommon trap: reason=unstable_if action=reinterpret pc=0x0000000002e59674 method=com.sun.org.apache.xerces.internal.dom.DeferredDocumentImpl.getPrevSibling(IZ)I @ 52
Event: 15.206 Thread 0x000000002121c000 Uncommon trap: reason=unstable_if action=reinterpret pc=0x0000000002e9939c method=com.sun.org.apache.xerces.internal.impl.XMLDocumentFragmentScannerImpl$FragmentContentDriver.next()I @ 647
Event: 15.206 Thread 0x000000002121c000 Uncommon trap: reason=unstable_if action=reinterpret pc=0x0000000002ec3748 method=com.sun.org.apache.xerces.internal.dom.DeferredDocumentImpl.getPrevSibling(IZ)I @ 86
Event: 15.206 Thread 0x000000002121c000 Uncommon trap: reason=unstable_if action=reinterpret pc=0x0000000002ec51c8 method=com.sun.org.apache.xerces.internal.dom.DeferredDocumentImpl.getNodeValueString(IZ)Ljava/lang/String; @ 97

Internal exceptions (10 events):
Event: 14.841 Thread 0x000000002121c000 Exception <a 'java/security/PrivilegedActionException'> (0x00000007582d18e0) thrown at [C:\re\workspace\8-2-build-windows-amd64-cygwin\jdk8u151\9699\hotspot\src\share\vm\prims\jvm.cpp, line 1390]
Event: 14.841 Thread 0x000000002121c000 Exception <a 'java/security/PrivilegedActionException'> (0x00000007582d1ec0) thrown at [C:\re\workspace\8-2-build-windows-amd64-cygwin\jdk8u151\9699\hotspot\src\share\vm\prims\jvm.cpp, line 1390]
Event: 14.842 Thread 0x000000002121c000 Exception <a 'java/security/PrivilegedActionException'> (0x00000007582e0540) thrown at [C:\re\workspace\8-2-build-windows-amd64-cygwin\jdk8u151\9699\hotspot\src\share\vm\prims\jvm.cpp, line 1390]
Event: 14.842 Thread 0x000000002121c000 Exception <a 'java/security/PrivilegedActionException'> (0x00000007582e0b20) thrown at [C:\re\workspace\8-2-build-windows-amd64-cygwin\jdk8u151\9699\hotspot\src\share\vm\prims\jvm.cpp, line 1390]
Event: 14.842 Thread 0x000000002121c000 Exception <a 'java/security/PrivilegedActionException'> (0x00000007582e5130) thrown at [C:\re\workspace\8-2-build-windows-amd64-cygwin\jdk8u151\9699\hotspot\src\share\vm\prims\jvm.cpp, line 1390]
Event: 14.842 Thread 0x000000002121c000 Exception <a 'java/security/PrivilegedActionException'> (0x00000007582e58f8) thrown at [C:\re\workspace\8-2-build-windows-amd64-cygwin\jdk8u151\9699\hotspot\src\share\vm\prims\jvm.cpp, line 1390]
Event: 14.842 Thread 0x000000002121c000 Exception <a 'java/security/PrivilegedActionException'> (0x00000007582ea000) thrown at [C:\re\workspace\8-2-build-windows-amd64-cygwin\jdk8u151\9699\hotspot\src\share\vm\prims\jvm.cpp, line 1390]
Event: 14.842 Thread 0x000000002121c000 Exception <a 'java/security/PrivilegedActionException'> (0x00000007582ea5e0) thrown at [C:\re\workspace\8-2-build-windows-amd64-cygwin\jdk8u151\9699\hotspot\src\share\vm\prims\jvm.cpp, line 1390]
Event: 14.843 Thread 0x000000002121c000 Exception <a 'java/security/PrivilegedActionException'> (0x00000007582eed70) thrown at [C:\re\workspace\8-2-build-windows-amd64-cygwin\jdk8u151\9699\hotspot\src\share\vm\prims\jvm.cpp, line 1390]
Event: 14.843 Thread 0x000000002121c000 Exception <a 'java/security/PrivilegedActionException'> (0x00000007582ef538) thrown at [C:\re\workspace\8-2-build-windows-amd64-cygwin\jdk8u151\9699\hotspot\src\share\vm\prims\jvm.cpp, line 1390]

Events (10 events):
Event: 15.219 loading class org/openxmlformats/schemas/spreadsheetml/x2006/main/WorksheetDocument
Event: 15.219 loading class org/openxmlformats/schemas/spreadsheetml/x2006/main/WorksheetDocument done
Event: 15.223 loading class org/openxmlformats/schemas/spreadsheetml/x2006/main/impl/WorksheetDocumentImpl
Event: 15.223 loading class org/openxmlformats/schemas/spreadsheetml/x2006/main/impl/WorksheetDocumentImpl done
Event: 15.225 loading class org/openxmlformats/schemas/spreadsheetml/x2006/main/impl/CTWorksheetImpl
Event: 15.225 loading class org/openxmlformats/schemas/spreadsheetml/x2006/main/impl/CTWorksheetImpl done
Event: 15.226 loading class org/openxmlformats/schemas/spreadsheetml/x2006/main/CTWorksheet
Event: 15.226 loading class org/openxmlformats/schemas/spreadsheetml/x2006/main/CTWorksheet done
Event: 15.237 Executing VM operation: GetAllStackTraces
Event: 15.292 Executing VM operation: GetAllStackTraces done


Dynamic libraries:
0x000000013fe20000 - 0x000000013fe57000 	D:\Program Files\Java\jdk1.8.0_151\bin\java.exe
0x0000000076eb0000 - 0x0000000077059000 	C:\Windows\SYSTEM32\ntdll.dll
0x000007fef6910000 - 0x000007fef6944000 	d:\Program Files (x86)\AVG\Antivirus\x64\aswhooka.dll
0x0000000076c30000 - 0x0000000076d4f000 	C:\Windows\system32\kernel32.dll
0x000007fefd550000 - 0x000007fefd5bc000 	C:\Windows\system32\KERNELBASE.dll
0x000007fefec10000 - 0x000007fefeceb000 	C:\Windows\system32\ADVAPI32.dll
0x000007feff010000 - 0x000007feff0af000 	C:\Windows\system32\msvcrt.dll
0x000007fefecf0000 - 0x000007fefed0f000 	C:\Windows\SYSTEM32\sechost.dll
0x000007fefd6e0000 - 0x000007fefd80d000 	C:\Windows\system32\RPCRT4.dll
0x00000000769e0000 - 0x0000000076ada000 	C:\Windows\system32\USER32.dll
0x000007fefeba0000 - 0x000007fefec07000 	C:\Windows\system32\GDI32.dll
0x000007fefe7e0000 - 0x000007fefe7ee000 	C:\Windows\system32\LPK.dll
0x000007fefd890000 - 0x000007fefd959000 	C:\Windows\system32\USP10.dll
0x000007fefbde0000 - 0x000007fefbfd4000 	C:\Windows\WinSxS\amd64_microsoft.windows.common-controls_6595b64144ccf1df_6.0.7601.17514_none_fa396087175ac9ac\COMCTL32.dll
0x000007fefef90000 - 0x000007feff001000 	C:\Windows\system32\SHLWAPI.dll
0x000007feff0b0000 - 0x000007feff0de000 	C:\Windows\system32\IMM32.DLL
0x000007fefe800000 - 0x000007fefe909000 	C:\Windows\system32\MSCTF.dll
0x00000000743b0000 - 0x0000000074482000 	D:\Program Files\Java\jdk1.8.0_151\jre\bin\msvcr100.dll
0x000000005d6b0000 - 0x000000005df4d000 	D:\Program Files\Java\jdk1.8.0_151\jre\bin\server\jvm.dll
0x000007fef2fe0000 - 0x000007fef2fe9000 	C:\Windows\system32\WSOCK32.dll
0x000007fefd960000 - 0x000007fefd9ad000 	C:\Windows\system32\WS2_32.dll
0x000007fefe7f0000 - 0x000007fefe7f8000 	C:\Windows\system32\NSI.dll
0x000007fefb300000 - 0x000007fefb33b000 	C:\Windows\system32\WINMM.dll
0x000007fefc470000 - 0x000007fefc47c000 	C:\Windows\system32\VERSION.dll
0x0000000077070000 - 0x0000000077077000 	C:\Windows\system32\PSAPI.DLL
0x0000000074520000 - 0x000000007452f000 	D:\Program Files\Java\jdk1.8.0_151\jre\bin\verify.dll
0x00000000744f0000 - 0x0000000074519000 	D:\Program Files\Java\jdk1.8.0_151\jre\bin\java.dll
0x000007fefaad0000 - 0x000007fefaadf000 	C:\Program Files\NetBeans 8.2\profiler\lib\deployed\jdk16\windows-amd64\profilerinterface.dll
0x00000000744d0000 - 0x00000000744e6000 	D:\Program Files\Java\jdk1.8.0_151\jre\bin\zip.dll
0x000007fefda50000 - 0x000007fefe7d8000 	C:\Windows\system32\SHELL32.dll
0x000007fefe990000 - 0x000007fefeb93000 	C:\Windows\system32\ole32.dll
0x000007fefd310000 - 0x000007fefd31f000 	C:\Windows\system32\profapi.dll
0x00000000744b0000 - 0x00000000744ca000 	D:\Program Files\Java\jdk1.8.0_151\jre\bin\net.dll
0x000007fefcb40000 - 0x000007fefcb95000 	C:\Windows\system32\mswsock.dll
0x000007fefcb30000 - 0x000007fefcb37000 	C:\Windows\System32\wship6.dll
0x0000000074350000 - 0x000000007435d000 	D:\Program Files\Java\jdk1.8.0_151\jre\bin\management.dll
0x0000000074490000 - 0x00000000744a1000 	D:\Program Files\Java\jdk1.8.0_151\jre\bin\nio.dll
0x000007fefcbe0000 - 0x000007fefcbf7000 	C:\Windows\system32\CRYPTSP.dll
0x000007fefc8a0000 - 0x000007fefc8e7000 	C:\Windows\system32\rsaenh.dll
0x000007fefc650000 - 0x000007fefc66e000 	C:\Windows\system32\USERENV.dll
0x000007fefd240000 - 0x000007fefd24f000 	C:\Windows\system32\CRYPTBASE.dll
0x000007fefab80000 - 0x000007fefaba7000 	C:\Windows\system32\IPHLPAPI.DLL
0x000007fefab60000 - 0x000007fefab6b000 	C:\Windows\system32\WINNSI.DLL
0x000007fefa950000 - 0x000007fefa961000 	C:\Windows\system32\dhcpcsvc6.DLL
0x000007fefa970000 - 0x000007fefa988000 	C:\Windows\system32\dhcpcsvc.DLL
0x000000005e650000 - 0x000000005e7e8000 	D:\Program Files\Java\jdk1.8.0_151\jre\bin\awt.dll
0x000007feff0e0000 - 0x000007feff1b7000 	C:\Windows\system32\OLEAUT32.dll
0x000007fefbc40000 - 0x000007fefbc96000 	C:\Windows\system32\uxtheme.dll
0x000007fefb9d0000 - 0x000007fefb9e8000 	C:\Windows\system32\dwmapi.dll
0x000007fefa830000 - 0x000007fefa94d000 	C:\Windows\system32\opengl32.dll
0x000007fefabd0000 - 0x000007fefabfd000 	C:\Windows\system32\GLU32.dll
0x000007fef5f60000 - 0x000007fef6051000 	C:\Windows\system32\DDRAW.dll
0x000007fefb990000 - 0x000007fefb998000 	C:\Windows\system32\DCIMAN32.dll
0x000007fefed10000 - 0x000007fefeee7000 	C:\Windows\system32\SETUPAPI.dll
0x000007fefd5c0000 - 0x000007fefd5f6000 	C:\Windows\system32\CFGMGR32.dll
0x000007fefd530000 - 0x000007fefd54a000 	C:\Windows\system32\DEVOBJ.dll
0x0000000074360000 - 0x00000000743a7000 	D:\Program Files\Java\jdk1.8.0_151\jre\bin\fontmanager.dll
0x000007fefeef0000 - 0x000007fefef89000 	C:\Windows\system32\CLBCatQ.DLL
0x000007fefb500000 - 0x000007fefb62a000 	C:\Windows\system32\WindowsCodecs.dll
0x000007fefd1e0000 - 0x000007fefd237000 	C:\Windows\system32\apphelp.dll
0x000007fef6800000 - 0x000007fef6835000 	C:\Windows\system32\EhStorShell.dll
0x000007fefba80000 - 0x000007fefbbac000 	C:\Windows\system32\PROPSYS.dll
0x000007fef6780000 - 0x000007fef67fe000 	C:\Windows\System32\cscui.dll
0x000007fef6770000 - 0x000007fef677c000 	C:\Windows\System32\CSCDLL.dll
0x000007fef41f0000 - 0x000007fef41ff000 	C:\Windows\system32\CSCAPI.dll
0x000007fef3fa0000 - 0x000007fef4020000 	C:\Windows\system32\ntshrui.dll
0x000007fefd0d0000 - 0x000007fefd0f3000 	C:\Windows\system32\srvcli.dll
0x000007fefb100000 - 0x000007fefb10b000 	C:\Windows\system32\slc.dll
0x000000005e600000 - 0x000000005e642000 	D:\Program Files\Java\jdk1.8.0_151\jre\bin\t2k.dll
0x000007fef36d0000 - 0x000007fef3771000 	C:\Windows\system32\ime\imekr8\imkrtip.dll
0x000007fef3620000 - 0x000007fef36c5000 	C:\Windows\system32\ime\shared\imetip.dll
0x000007fef35f0000 - 0x000007fef3618000 	C:\Windows\system32\ime\imekr8\imkrapi.dll
0x000007fef35c0000 - 0x000007fef35ed000 	C:\Windows\system32\ime\shared\imjkapi.dll

VM Arguments:
jvm_args: -Dfile.encoding=UTF-8 -agentpath:C:/Program Files/NetBeans 8.2/profiler/lib/deployed/jdk16/windows-amd64/profilerinterface.dll=C:\Program Files\NetBeans 8.2\profiler\lib,5140,10 -XX:+HeapDumpOnOutOfMemoryError -XX:HeapDumpPath=D:\javap\Jeein's Web Parser\nbproject\private\profiler 
java_command: com.aquino.webParser.JWPdemo
java_class_path (initial): D:\Downloads\jsoup-1.11.2.jar;D:\Downloads\poi-bin-3.17-20170915\poi-3.17\poi-3.17.jar;D:\Downloads\poi-bin-3.17-20170915\poi-3.17\poi-ooxml-3.17.jar;D:\Downloads\poi-bin-3.17-20170915\poi-3.17\poi-ooxml-schemas-3.17.jar;D:\Downloads\poi-bin-3.17-20170915\poi-3.17\ooxml-lib\curvesapi-1.04.jar;D:\Downloads\poi-bin-3.17-20170915\poi-3.17\ooxml-lib\xmlbeans-2.6.0.jar;D:\Downloads\poi-bin-3.17-20170915\poi-3.17\poi-excelant-3.17.jar;D:\Downloads\poi-bin-3.17-20170915\poi-3.17\poi-scratchpad-3.17.jar;D:\Downloads\poi-bin-3.17-20170915\poi-3.17\lib\commons-codec-1.10.jar;D:\Downloads\poi-bin-3.17-20170915\poi-3.17\lib\commons-collections4-4.1.jar;D:\Downloads\poi-bin-3.17-20170915\poi-3.17\lib\commons-logging-1.2.jar;D:\Downloads\poi-bin-3.17-20170915\poi-3.17\lib\junit-4.12.jar;D:\Downloads\poi-bin-3.17-20170915\poi-3.17\lib\log4j-1.2.17.jar;D:\Downloads\poi-bin-3.17-20170915\poi-3.17\poi-examples-3.17.jar;D:\javap\Jeein's Web Parser\build\classes
Launcher Type: SUN_STANDARD

Environment Variables:
JAVA_HOME=D:\Program Files\Java\jdk1.8.0_151
PATH=D:\Program Files\Java\apache-ant-1.10.1-bin\apache-ant-1.10.1\bin;D:\Program Files\Java\jdk1.8.0_151\bin;C:\Windows\system32;C:\Windows;C:\Windows\System32\Wbem;C:\Windows\System32\WindowsPowerShell\v1.0\;C:\Program Files (x86)\Intel\OpenCL SDK\2.0\bin\x86;C:\Program Files (x86)\Intel\OpenCL SDK\2.0\bin\x64;C:\ProgramData\Oracle\Java\javapath;
USERNAME=alex
OS=Windows_NT
PROCESSOR_IDENTIFIER=Intel64 Family 6 Model 42 Stepping 7, GenuineIntel



---------------  S Y S T E M  ---------------

OS: Windows 7 , 64 bit Build 7601 (6.1.7601.17932)

CPU:total 4 (initial active 4) (4 cores per cpu, 1 threads per core) family 6 model 42 stepping 7, cmov, cx8, fxsr, mmx, sse, sse2, sse3, ssse3, sse4.1, sse4.2, popcnt, avx, aes, clmul, tsc, tscinvbit

Memory: 4k page, physical 20849560k(14889788k free), swap 41697268k(36851172k free)

vm_info: Java HotSpot(TM) 64-Bit Server VM (25.151-b12) for windows-amd64 JRE (1.8.0_151-b12), built on Sep  5 2017 19:33:46 by "java_re" with MS VC++ 10.0 (VS2010)

time: Wed Jan 10 12:01:31 2018
elapsed time: 15 seconds (0d 0h 0m 15s)

